Log file open, 07/03/18 09:01:52
LogWindows: Failed to load 'aqProf.dll' (GetLastError=126)
LogWindows: File 'aqProf.dll' does not exist
LogWindows: Failed to load 'VtuneApi.dll' (GetLastError=126)
LogWindows: File 'VtuneApi.dll' does not exist
LogWindows: Failed to load 'VtuneApi32e.dll' (GetLastError=126)
LogWindows: File 'VtuneApi32e.dll' does not exist
LogInit: Display: Running engine for game: DémoNulleDeOuf
LogPlatformFile: Not using cached read wrapper
LogInit: Display: RandInit(611233047) SRandInit(611233048).
LogInit: Read version file with build ID '3944462'
LogInit: Overriding engine version to CL 4033788, compatible CL 3944462
LogInit: Registered custom module enumerator with build ID '3944462'
LogTaskGraph: Started task graph with 5 named threads and 14 total threads with 3 sets of task threads.
LogStats: Stats thread started at 18.231001
LogD3D11RHI: Aftermath initialized
LogICUInternationalization: Display: ICU TimeZone Detection - Raw Offset: +1:00, Platform Override: ''
LogConfig: Warning: Failed to saved backup for config[Engine]
LogConfig: Warning: Failed to saved backup for config[Compat]
LogConfig: Warning: Failed to saved backup for config[GameUserSettings]
LogModuleManager: Display: Found up-to-date module file ../../../Engine/Plugins/2D/Paper2D/Binaries/Win64/UE4Editor-Paper2D.dll (API version 3944462).
LogModuleManager: Display: Found up-to-date module file ../../../Engine/Plugins/2D/Paper2D/Binaries/Win64/UE4Editor-Paper2DEditor.dll (API version 3944462).
LogModuleManager: Display: Found up-to-date module file ../../../Engine/Plugins/2D/Paper2D/Binaries/Win64/UE4Editor-PaperSpriteSheetImporter.dll (API version 3944462).
LogModuleManager: Display: Found up-to-date module file ../../../Engine/Plugins/2D/Paper2D/Binaries/Win64/UE4Editor-PaperTiledImporter.dll (API version 3944462).
LogModuleManager: Display: Found up-to-date module file ../../../Engine/Plugins/2D/Paper2D/Binaries/Win64/UE4Editor-SmartSnapping.dll (API version 3944462).
LogModuleManager: Display: Found up-to-date module file ../../../Engine/Plugins/Blendables/LightPropagationVolume/Binaries/Win64/UE4Editor-LightPropagationVolumeRuntime.dll (API version 3944462).
LogModuleManager: Display: Found up-to-date module file ../../../Engine/Plugins/Blendables/LightPropagationVolume/Binaries/Win64/UE4Editor-LightPropagationVolumeEditor.dll (API version 3944462).
LogModuleManager: Display: Found up-to-date module file ../../../Engine/Plugins/Developer/CLionSourceCodeAccess/Binaries/Win64/UE4Editor-CLionSourceCodeAccess.dll (API version 3944462).
LogModuleManager: Display: Found up-to-date module file ../../../Engine/Plugins/Developer/GitSourceControl/Binaries/Win64/UE4Editor-GitSourceControl.dll (API version 3944462).
LogModuleManager: Display: Found up-to-date module file ../../../Engine/Plugins/Developer/PerforceSourceControl/Binaries/Win64/UE4Editor-PerforceSourceControl.dll (API version 3944462).
LogModuleManager: Display: Found up-to-date module file ../../../Engine/Plugins/Developer/SubversionSourceControl/Binaries/Win64/UE4Editor-SubversionSourceControl.dll (API version 3944462).
LogModuleManager: Display: Found up-to-date module file ../../../Engine/Plugins/Developer/UObjectPlugin/Binaries/Win64/UE4Editor-UObjectPlugin.dll (API version 3944462).
LogModuleManager: Display: Found up-to-date module file ../../../Engine/Plugins/Developer/VisualStudioCodeSourceCodeAccess/Binaries/Win64/UE4Editor-VisualStudioCodeSourceCodeAccess.dll (API version 3944462).
LogModuleManager: Display: Found up-to-date module file ../../../Engine/Plugins/Developer/VisualStudioSourceCodeAccess/Binaries/Win64/UE4Editor-VisualStudioSourceCodeAccess.dll (API version 3944462).
LogModuleManager: Display: Found up-to-date module file ../../../Engine/Plugins/Editor/AssetManagerEditor/Binaries/Win64/UE4Editor-AssetManagerEditor.dll (API version 3944462).
LogModuleManager: Display: Found up-to-date module file ../../../Engine/Plugins/Editor/CryptoKeys/Binaries/Win64/UE4Editor-CryptoKeys.dll (API version 3944462).
LogModuleManager: Display: Found up-to-date module file ../../../Engine/Plugins/Editor/CryptoKeys/Binaries/Win64/UE4Editor-CryptoKeysOpenSSL.dll (API version 3944462).
LogModuleManager: Display: Found up-to-date module file ../../../Engine/Plugins/Editor/DataValidation/Binaries/Win64/UE4Editor-DataValidation.dll (API version 3944462).
LogModuleManager: Display: Found up-to-date module file ../../../Engine/Plugins/Editor/FacialAnimation/Binaries/Win64/UE4Editor-FacialAnimation.dll (API version 3944462).
LogModuleManager: Display: Found up-to-date module file ../../../Engine/Plugins/Editor/FacialAnimation/Binaries/Win64/UE4Editor-FacialAnimationEditor.dll (API version 3944462).
LogModuleManager: Display: Found up-to-date module file ../../../Engine/Plugins/Editor/GameplayTagsEditor/Binaries/Win64/UE4Editor-GameplayTagsEditor.dll (API version 3944462).
LogModuleManager: Display: Found up-to-date module file ../../../Engine/Plugins/Editor/MobileLauncherProfileWizard/Binaries/Win64/UE4Editor-MobileLauncherProfileWizard.dll (API version 3944462).
LogModuleManager: Display: Found up-to-date module file ../../../Engine/Plugins/Editor/PluginBrowser/Binaries/Win64/UE4Editor-PluginBrowser.dll (API version 3944462).
LogModuleManager: Display: Found up-to-date module file ../../../Engine/Plugins/Editor/SpeedTreeImporter/Binaries/Win64/UE4Editor-SpeedTreeImporter.dll (API version 3944462).
LogModuleManager: Display: Found up-to-date module file ../../../Engine/Plugins/Enterprise/DatasmithContent/Binaries/Win64/UE4Editor-DatasmithContent.dll (API version 3944462).
LogModuleManager: Display: Found up-to-date module file ../../../Engine/Plugins/Experimental/AlembicImporter/Binaries/Win64/UE4Editor-AlembicImporter.dll (API version 3944462).
LogModuleManager: Display: Found up-to-date module file ../../../Engine/Plugins/Experimental/AlembicImporter/Binaries/Win64/UE4Editor-AlembicLibrary.dll (API version 3944462).
LogModuleManager: Display: Found up-to-date module file ../../../Engine/Plugins/Experimental/CharacterAI/Binaries/Win64/UE4Editor-CharacterAI.dll (API version 3944462).
LogModuleManager: Display: Found up-to-date module file ../../../Engine/Plugins/Experimental/HTML5Networking/Binaries/Win64/UE4Editor-HTML5Networking.dll (API version 3944462).
LogModuleManager: Display: Found up-to-date module file ../../../Engine/Plugins/Media/AndroidMedia/Binaries/Win64/UE4Editor-AndroidMediaEditor.dll (API version 3944462).
LogModuleManager: Display: Found up-to-date module file ../../../Engine/Plugins/Media/AndroidMedia/Binaries/Win64/UE4Editor-AndroidMediaFactory.dll (API version 3944462).
LogModuleManager: Display: Found up-to-date module file ../../../Engine/Plugins/Media/AvfMedia/Binaries/Win64/UE4Editor-AvfMediaEditor.dll (API version 3944462).
LogModuleManager: Display: Found up-to-date module file ../../../Engine/Plugins/Media/AvfMedia/Binaries/Win64/UE4Editor-AvfMediaFactory.dll (API version 3944462).
LogModuleManager: Display: Found up-to-date module file ../../../Engine/Plugins/Media/AvfMedia/Binaries/Win64/UE4Editor-AvfMediaFactory.dll (API version 3944462).
LogModuleManager: Display: Found up-to-date module file ../../../Engine/Plugins/Media/ImgMedia/Binaries/Win64/UE4Editor-ImgMedia.dll (API version 3944462).
LogModuleManager: Display: Found up-to-date module file ../../../Engine/Plugins/Media/ImgMedia/Binaries/Win64/UE4Editor-ImgMediaEditor.dll (API version 3944462).
LogModuleManager: Display: Found up-to-date module file ../../../Engine/Plugins/Media/ImgMedia/Binaries/Win64/UE4Editor-ImgMediaFactory.dll (API version 3944462).
LogModuleManager: Display: Found up-to-date module file ../../../Engine/Plugins/Media/ImgMedia/Binaries/Win64/UE4Editor-ImgMediaFactory.dll (API version 3944462).
LogModuleManager: Display: Found up-to-date module file ../../../Engine/Plugins/Media/ImgMedia/Binaries/Win64/UE4Editor-OpenExrWrapper.dll (API version 3944462).
LogModuleManager: Display: Found up-to-date module file ../../../Engine/Plugins/Media/LinearTimecode/Binaries/Win64/UE4Editor-LinearTimecode.dll (API version 3944462).
LogModuleManager: Display: Found up-to-date module file ../../../Engine/Plugins/Media/MediaCompositing/Binaries/Win64/UE4Editor-MediaCompositing.dll (API version 3944462).
LogModuleManager: Display: Found up-to-date module file ../../../Engine/Plugins/Media/MediaCompositing/Binaries/Win64/UE4Editor-MediaCompositingEditor.dll (API version 3944462).
LogModuleManager: Display: Found up-to-date module file ../../../Engine/Plugins/Media/MediaPlayerEditor/Binaries/Win64/UE4Editor-MediaPlayerEditor.dll (API version 3944462).
LogModuleManager: Display: Found up-to-date module file ../../../Engine/Plugins/Media/WmfMedia/Binaries/Win64/UE4Editor-WmfMedia.dll (API version 3944462).
LogModuleManager: Display: Found up-to-date module file ../../../Engine/Plugins/Media/WmfMedia/Binaries/Win64/UE4Editor-WmfMediaEditor.dll (API version 3944462).
LogModuleManager: Display: Found up-to-date module file ../../../Engine/Plugins/Media/WmfMedia/Binaries/Win64/UE4Editor-WmfMediaFactory.dll (API version 3944462).
LogModuleManager: Display: Found up-to-date module file ../../../Engine/Plugins/Media/WmfMedia/Binaries/Win64/UE4Editor-WmfMediaFactory.dll (API version 3944462).
LogModuleManager: Display: Found up-to-date module file ../../../Engine/Plugins/Messaging/TcpMessaging/Binaries/Win64/UE4Editor-TcpMessaging.dll (API version 3944462).
LogModuleManager: Display: Found up-to-date module file ../../../Engine/Plugins/Messaging/UdpMessaging/Binaries/Win64/UE4Editor-UdpMessaging.dll (API version 3944462).
LogModuleManager: Display: Found up-to-date module file ../../../Engine/Plugins/MovieScene/ActorSequence/Binaries/Win64/UE4Editor-ActorSequence.dll (API version 3944462).
LogModuleManager: Display: Found up-to-date module file ../../../Engine/Plugins/MovieScene/LevelSequenceEditor/Binaries/Win64/UE4Editor-LevelSequenceEditor.dll (API version 3944462).
LogModuleManager: Display: Found up-to-date module file ../../../Engine/Plugins/MovieScene/MatineeToLevelSequence/Binaries/Win64/UE4Editor-MatineeToLevelSequence.dll (API version 3944462).
LogModuleManager: Display: Found up-to-date module file ../../../Engine/Plugins/NetcodeUnitTest/NetcodeUnitTest/Binaries/Win64/UE4Editor-NetcodeUnitTest.dll (API version 3944462).
LogModuleManager: Display: Found up-to-date module file ../../../Engine/Plugins/NetcodeUnitTest/NUTUnrealEngine4/Binaries/Win64/UE4Editor-NUTUnrealEngine4.dll (API version 3944462).
LogModuleManager: Display: Found up-to-date module file ../../../Engine/Plugins/Online/OnlineSubsystem/Binaries/Win64/UE4Editor-OnlineSubsystem.dll (API version 3944462).
LogModuleManager: Display: Found up-to-date module file ../../../Engine/Plugins/Runtime/AndroidPermission/Binaries/Win64/UE4Editor-AndroidPermission.dll (API version 3944462).
LogModuleManager: Display: Found up-to-date module file ../../../Engine/Plugins/Online/OnlineSubsystemNull/Binaries/Win64/UE4Editor-OnlineSubsystemNull.dll (API version 3944462).
LogModuleManager: Display: Found up-to-date module file ../../../Engine/Plugins/Online/OnlineSubsystemUtils/Binaries/Win64/UE4Editor-OnlineSubsystemUtils.dll (API version 3944462).
LogModuleManager: Display: Found up-to-date module file ../../../Engine/Plugins/Online/OnlineSubsystemUtils/Binaries/Win64/UE4Editor-OnlineBlueprintSupport.dll (API version 3944462).
LogModuleManager: Display: Found up-to-date module file ../../../Engine/Plugins/Runtime/AndroidDeviceProfileSelector/Binaries/Win64/UE4Editor-AndroidDeviceProfileSelector.dll (API version 3944462).
LogModuleManager: Display: Found up-to-date module file ../../../Engine/Plugins/Runtime/AppleARKit/Binaries/Win64/UE4Editor-AppleARKit.dll (API version 3944462).
LogModuleManager: Display: Found up-to-date module file ../../../Engine/Plugins/Runtime/ProceduralMeshComponent/Binaries/Win64/UE4Editor-ProceduralMeshComponent.dll (API version 3944462).
LogModuleManager: Display: Found up-to-date module file ../../../Engine/Plugins/Runtime/ProceduralMeshComponent/Binaries/Win64/UE4Editor-ProceduralMeshComponentEditor.dll (API version 3944462).
LogModuleManager: Display: Found up-to-date module file ../../../Engine/Plugins/Animation/LiveLink/Binaries/Win64/UE4Editor-LiveLink.dll (API version 3944462).
LogModuleManager: Display: Found up-to-date module file ../../../Engine/Plugins/Animation/LiveLink/Binaries/Win64/UE4Editor-LiveLinkEditor.dll (API version 3944462).
LogModuleManager: Display: Found up-to-date module file ../../../Engine/Plugins/Runtime/ArchVisCharacter/Binaries/Win64/UE4Editor-ArchVisCharacter.dll (API version 3944462).
LogModuleManager: Display: Found up-to-date module file ../../../Engine/Plugins/Runtime/AudioCapture/Binaries/Win64/UE4Editor-AudioCapture.dll (API version 3944462).
LogModuleManager: Display: Found up-to-date module file ../../../Engine/Plugins/Runtime/AudioCapture/Binaries/Win64/UE4Editor-AudioCaptureEditor.dll (API version 3944462).
LogModuleManager: Display: Found up-to-date module file ../../../Engine/Plugins/Runtime/CableComponent/Binaries/Win64/UE4Editor-CableComponent.dll (API version 3944462).
LogModuleManager: Display: Found up-to-date module file ../../../Engine/Plugins/Runtime/CustomMeshComponent/Binaries/Win64/UE4Editor-CustomMeshComponent.dll (API version 3944462).
LogModuleManager: Display: Found up-to-date module file ../../../Engine/Plugins/Runtime/ExampleDeviceProfileSelector/Binaries/Win64/UE4Editor-ExampleDeviceProfileSelector.dll (API version 3944462).
LogModuleManager: Display: Found up-to-date module file ../../../Engine/Plugins/Runtime/ImmediatePhysics/Binaries/Win64/UE4Editor-ImmediatePhysics.dll (API version 3944462).
LogModuleManager: Display: Found up-to-date module file ../../../Engine/Plugins/Runtime/ImmediatePhysics/Binaries/Win64/UE4Editor-ImmediatePhysicsEditor.dll (API version 3944462).
LogModuleManager: Display: Found up-to-date module file ../../../Engine/Plugins/Runtime/LocationServicesBPLibrary/Binaries/Win64/UE4Editor-LocationServicesBPLibrary.dll (API version 3944462).
LogModuleManager: Display: Found up-to-date module file ../../../Engine/Plugins/Runtime/MobilePatchingUtils/Binaries/Win64/UE4Editor-MobilePatchingUtils.dll (API version 3944462).
LogModuleManager: Display: Found up-to-date module file ../../../Engine/Plugins/Runtime/Oculus/OculusVR/Binaries/Win64/UE4Editor-OculusHMD.dll (API version 3944462).
LogModuleManager: Display: Found up-to-date module file ../../../Engine/Plugins/Runtime/Oculus/OculusVR/Binaries/Win64/UE4Editor-OculusInput.dll (API version 3944462).
LogModuleManager: Display: Found up-to-date module file ../../../Engine/Plugins/Runtime/Oculus/OculusVR/Binaries/Win64/UE4Editor-OculusEditor.dll (API version 3944462).
LogModuleManager: Display: Found up-to-date module file ../../../Engine/Plugins/Runtime/PhysXVehicles/Binaries/Win64/UE4Editor-PhysXVehicles.dll (API version 3944462).
LogModuleManager: Display: Found up-to-date module file ../../../Engine/Plugins/Runtime/PhysXVehicles/Binaries/Win64/UE4Editor-PhysXVehiclesEditor.dll (API version 3944462).
LogModuleManager: Display: Found up-to-date module file ../../../Engine/Plugins/Runtime/RuntimePhysXCooking/Binaries/Win64/UE4Editor-RuntimePhysXCooking.dll (API version 3944462).
LogModuleManager: Display: Found up-to-date module file ../../../Engine/Plugins/Runtime/Steam/SteamVR/Binaries/Win64/UE4Editor-SteamVR.dll (API version 3944462).
LogModuleManager: Display: Found up-to-date module file ../../../Engine/Plugins/Runtime/Steam/SteamVR/Binaries/Win64/UE4Editor-SteamVRController.dll (API version 3944462).
LogModuleManager: Display: Found up-to-date module file ../../../Engine/Plugins/Runtime/WindowsMoviePlayer/Binaries/Win64/UE4Editor-WindowsMoviePlayer.dll (API version 3944462).
LogPluginManager: Mounting plugin Paper2D
LogConfig: Warning: Failed to saved backup for config[Paper2D]
LogPluginManager: Mounting plugin LiveLink
LogPluginManager: Mounting plugin LightPropagationVolume
LogPluginManager: Mounting plugin CLionSourceCodeAccess
LogPluginManager: Mounting plugin CodeLiteSourceCodeAccess
LogPluginManager: Mounting plugin GitSourceControl
LogPluginManager: Mounting plugin KDevelopSourceCodeAccess
LogPluginManager: Mounting plugin NullSourceCodeAccess
LogPluginManager: Mounting plugin PerforceSourceControl
LogPluginManager: Mounting plugin SubversionSourceControl
LogPluginManager: Mounting plugin UObjectPlugin
LogPluginManager: Mounting plugin VisualStudioCodeSourceCodeAccess
LogPluginManager: Mounting plugin VisualStudioSourceCodeAccess
LogPluginManager: Mounting plugin XCodeSourceCodeAccess
LogPluginManager: Mounting plugin AssetManagerEditor
LogPluginManager: Mounting plugin CryptoKeys
LogPluginManager: Mounting plugin DataValidation
LogPluginManager: Mounting plugin FacialAnimation
LogPluginManager: Mounting plugin GameplayTagsEditor
LogPluginManager: Mounting plugin MobileLauncherProfileWizard
LogPluginManager: Mounting plugin PluginBrowser
LogPluginManager: Mounting plugin SpeedTreeImporter
LogPluginManager: Mounting plugin DatasmithContent
LogPluginManager: Mounting plugin AlembicImporter
LogPluginManager: Mounting plugin CharacterAI
LogPluginManager: Mounting plugin HTML5Networking
LogPluginManager: Mounting plugin AndroidMedia
LogPluginManager: Mounting plugin AvfMedia
LogPluginManager: Mounting plugin ImgMedia
LogPluginManager: Mounting plugin LinearTimecode
LogPluginManager: Mounting plugin MediaCompositing
LogPluginManager: Mounting plugin MediaPlayerEditor
LogPluginManager: Mounting plugin WmfMedia
LogPluginManager: Mounting plugin TcpMessaging
LogPluginManager: Mounting plugin UdpMessaging
LogPluginManager: Mounting plugin ActorSequence
LogPluginManager: Mounting plugin LevelSequenceEditor
LogPluginManager: Mounting plugin MatineeToLevelSequence
LogPluginManager: Mounting plugin NetcodeUnitTest
LogPluginManager: Mounting plugin NUTUnrealEngine4
LogPluginManager: Mounting plugin OnlineSubsystemGooglePlay
LogPluginManager: Mounting plugin OnlineSubsystemIOS
LogPluginManager: Mounting plugin OnlineSubsystem
LogPluginManager: Mounting plugin OnlineSubsystemNull
LogPluginManager: Mounting plugin OnlineSubsystemUtils
LogPluginManager: Mounting plugin AndroidDeviceProfileSelector
LogPluginManager: Mounting plugin AndroidMoviePlayer
LogPluginManager: Mounting plugin AndroidPermission
LogPluginManager: Mounting plugin AppleARKit
LogPluginManager: Mounting plugin AppleMoviePlayer
LogPluginManager: Mounting plugin ArchVisCharacter
LogPluginManager: Mounting plugin AudioCapture
LogPluginManager: Mounting plugin CableComponent
LogPluginManager: Mounting plugin CustomMeshComponent
LogPluginManager: Mounting plugin ExampleDeviceProfileSelector
LogPluginManager: Mounting plugin GoogleCloudMessaging
LogPluginManager: Mounting plugin ImmediatePhysics
LogPluginManager: Mounting plugin IOSDeviceProfileSelector
LogPluginManager: Mounting plugin LinuxDeviceProfileSelector
LogPluginManager: Mounting plugin LocationServicesBPLibrary
LogPluginManager: Mounting plugin MobilePatchingUtils
LogPluginManager: Mounting plugin OculusVR
LogPluginManager: Plugin shader directory ../../../Engine/Plugins/Runtime/Oculus/OculusVR/Shaders found
LogPluginManager: Mapping shader source directory ../../../Engine/Plugins/Runtime/Oculus/OculusVR/Shaders to virtual directory /Plugin/OculusVR
LogConfig: Warning: Failed to saved backup for config[OculusVR]
LogPluginManager: Mounting plugin PhysXVehicles
LogPluginManager: Mounting plugin ProceduralMeshComponent
LogPluginManager: Mounting plugin RuntimePhysXCooking
LogPluginManager: Mounting plugin SteamVR
LogPluginManager: Mounting plugin WindowsMoviePlayer
LogStreaming: Display: Took  3.435s to configure plugins.
LogInit: Using libcurl 7.47.1
LogInit:  - built for x86_64-pc-win32
LogInit:  - supports SSL with OpenSSL/1.0.2g
LogInit:  - supports HTTP deflate (compression) using libz 1.2.8
LogInit:  - other features:
LogInit:      CURL_VERSION_SSL
LogInit:      CURL_VERSION_LIBZ
LogInit:      CURL_VERSION_IPV6
LogInit:      CURL_VERSION_ASYNCHDNS
LogInit:      CURL_VERSION_LARGEFILE
LogInit:      CURL_VERSION_IDN
LogInit:  CurlRequestOptions (configurable via config and command line):
LogInit:  - bVerifyPeer = false  - Libcurl will NOT verify peer certificate
LogInit:  - bUseHttpProxy = false  - Libcurl will NOT use HTTP proxy
LogInit:  - bDontReuseConnections = false  - Libcurl will reuse connections
LogInit:  - CertBundlePath = nullptr  - Libcurl will use whatever was configured at build time.
LogInit:  - MaxHostConnections = 16  - Libcurl will limit the number of connections to a host
LogInit:  - LocalHostAddr = Default
LogInit: WinSock: version 1.1 (2.2), MaxSocks=32767, MaxUdp=65467
LogInit: WinSock: I am DESKTOP-QVT4C5B (192.168.0.25:0)
LogInit: Build: ++UE4+Release-4.19-CL-4033788
LogInit: Engine Version: 4.19.2-4033788+++UE4+Release-4.19
LogInit: Compatible Engine Version: 4.19.0-3944462+++UE4+Release-4.19
LogInit: Net CL: 3944462
LogDevObjectVersion: Number of dev versions registered: 18
LogDevObjectVersion:   Dev-Blueprints (B0D832E4-1F89-4F0D-ACCF-7EB736FD4AA2): 10
LogDevObjectVersion:   Dev-Build (E1C64328-A22C-4D53-A36C-8E866417BD8C): 0
LogDevObjectVersion:   Dev-Core (375EC13C-06E4-48FB-B500-84F0262A717E): 2
LogDevObjectVersion:   Dev-Editor (E4B068ED-F494-42E9-A231-DA0B2E46BB41): 23
LogDevObjectVersion:   Dev-Framework (CFFC743F-43B0-4480-9391-14DF171D2073): 33
LogDevObjectVersion:   Dev-Mobile (B02B49B5-BB20-44E9-A304-32B752E40360): 2
LogDevObjectVersion:   Dev-Networking (A4E4105C-59A1-49B5-A7C5-40C4547EDFEE): 0
LogDevObjectVersion:   Dev-Online (39C831C9-5AE6-47DC-9A44-9C173E1C8E7C): 0
LogDevObjectVersion:   Dev-Physics (78F01B33-EBEA-4F98-B9B4-84EACCB95AA2): 0
LogDevObjectVersion:   Dev-Platform (6631380F-2D4D-43E0-8009-CF276956A95A): 0
LogDevObjectVersion:   Dev-Rendering (12F88B9F-8875-4AFC-A67C-D90C383ABD29): 25
LogDevObjectVersion:   Dev-Sequencer (7B5AE74C-D270-4C10-A958-57980B212A5A): 6
LogDevObjectVersion:   Dev-VR (D7296918-1DD6-4BDD-9DE2-64A83CC13884): 1
LogDevObjectVersion:   Dev-LoadTimes (C2A15278-BFE7-4AFE-6C17-90FF531DF755): 1
LogDevObjectVersion:   Private-Geometry (6EACA3D4-40EC-4CC1-B786-8BED09428FC5): 2
LogDevObjectVersion:   Dev-AnimPhys (29E575DD-E0A3-4627-9D10-D276232CDCEA): 16
LogDevObjectVersion:   Dev-ReflectionCapture (6B266CEC-1EC7-4B8F-A30B-E4D90942FC07): 1
LogDevObjectVersion:   Dev-Automation (0DF73D61-A23F-47EA-B727-89E90C41499A): 1
LogInit: Compiled (64-bit): Apr 27 2018 02:06:57
LogInit: Compiled with Visual C++: 19.00.24215.01
LogInit: Build Configuration: Development
LogInit: Branch Name: ++UE4+Release-4.19
LogInit: Command Line:  
LogInit: Base Directory: E:/Program Files/Epic Games/UE_4.19/Engine/Binaries/Win64/
LogInit: Installed Engine Build: 1
LogStreaming: Display: Took  0.028s to delete old logs.
LogInit: Presizing for max 8388607 objects, including 0 objects not considered by GC, pre-allocating 0 bytes for permanent pool.
LogInit: Object subsystem initialized
[2018.07.03-07.01.58:689][  0]LogInit: Selected Device Profile: [Windows]
[2018.07.03-07.01.58:689][  0]LogInit: Applying CVar settings loaded from the selected device profile: [Windows]
[2018.07.03-07.01.59:277][  0]LogInit: Computer: DESKTOP-QVT4C5B
[2018.07.03-07.01.59:277][  0]LogInit: User: aarth
[2018.07.03-07.01.59:278][  0]LogInit: CPU Page size=4096, Cores=4
[2018.07.03-07.01.59:278][  0]LogInit: High frequency timer resolution =3.215229 MHz
[2018.07.03-07.01.59:282][  0]LogMemory: Memory total: Physical=7.9GB (8GB approx)
[2018.07.03-07.01.59:282][  0]LogMemory: Platform Memory Stats for Windows
[2018.07.03-07.01.59:282][  0]LogMemory: Process Physical Memory: 275.11 MB used, 275.11 MB peak
[2018.07.03-07.01.59:282][  0]LogMemory: Process Virtual Memory: 274.12 MB used, 274.12 MB peak
[2018.07.03-07.01.59:282][  0]LogMemory: Physical Memory: 5596.04 MB used,  2515.57 MB free, 8111.61 MB total
[2018.07.03-07.01.59:282][  0]LogMemory: Virtual Memory: 696.85 MB used,  2515.57 MB free, 134217728.00 MB total
[2018.07.03-07.02.00:933][  0]LogInit: Using OS detected language (fr-FR).
[2018.07.03-07.02.00:933][  0]LogInit: Using OS detected locale (fr-FR).
[2018.07.03-07.02.01:136][  0]LogTextLocalizationManager: No localization for 'fr-FR' exists, so 'en' will be used for the language.
[2018.07.03-07.02.01:906][  0]LogStreaming: Display: Took  0.959s to EndInitTextLocalization.
[2018.07.03-07.02.01:933][  0]LogInit: Setting process to per monitor DPI aware
[2018.07.03-07.02.02:557][  0]LogSlate: New Slate User Created.  User Index 0, Is Virtual User: 0
[2018.07.03-07.02.02:557][  0]LogSlate: Slate User Registered.  User Index 0, Is Virtual User: 0
[2018.07.03-07.02.03:215][  0]LogD3D11RHI: D3D11 adapters:
[2018.07.03-07.02.03:433][  0]LogD3D11RHI:    0. 'NVIDIA GeForce GTX 970' (Feature Level 11_0)
[2018.07.03-07.02.03:433][  0]LogD3D11RHI:       4043/0/4055 MB DedicatedVideo/DedicatedSystem/SharedSystem, Outputs:2, VendorId:0x10de
[2018.07.03-07.02.03:467][  0]LogD3D11RHI:    1. 'Microsoft Basic Render Driver' (Feature Level 11_0)
[2018.07.03-07.02.03:467][  0]LogD3D11RHI:       0/0/4055 MB DedicatedVideo/DedicatedSystem/SharedSystem, Outputs:0, VendorId:0x1414
[2018.07.03-07.02.03:467][  0]LogD3D11RHI: Chosen D3D11 Adapter: 0
[2018.07.03-07.02.03:489][  0]LogD3D11RHI: Creating new Direct3DDevice
[2018.07.03-07.02.03:489][  0]LogD3D11RHI:     GPU DeviceId: 0x13c2 (for the marketing name, search the web for "GPU Device Id")
[2018.07.03-07.02.03:489][  0]LogWindows: EnumDisplayDevices:
[2018.07.03-07.02.03:489][  0]LogWindows:    0. 'NVIDIA GeForce GTX 970' (P:1 D:1)
[2018.07.03-07.02.03:489][  0]LogWindows:    1. 'NVIDIA GeForce GTX 970' (P:0 D:1)
[2018.07.03-07.02.03:489][  0]LogWindows:    2. 'NVIDIA GeForce GTX 970' (P:0 D:0)
[2018.07.03-07.02.03:490][  0]LogWindows:    3. 'NVIDIA GeForce GTX 970' (P:0 D:0)
[2018.07.03-07.02.03:490][  0]LogWindows: DebugString: GetVideoDriverDetailsInvalid PrimaryIsNotTheChoosenAdapter GetVideoDriverDetailsInvalid PrimaryIsNotTheChoosenAdapter GetVideoDriverDetailsInvalid PrimaryIsNotTheChoosenAdapter GetVideoDriverDetailsInvalid PrimaryIsNotTheChoosenAdapter FoundDriverCount:0 
[2018.07.03-07.02.03:490][  0]LogD3D11RHI:     Adapter Name: NVIDIA GeForce GTX 970
[2018.07.03-07.02.03:490][  0]LogD3D11RHI:   Driver Version: Unknown (internal:Unknown, unified:Unknown)
[2018.07.03-07.02.03:490][  0]LogD3D11RHI:      Driver Date: Unknown
[2018.07.03-07.02.03:490][  0]LogRHI: Texture pool is 2830 MB (70% of 4043 MB)
[2018.07.03-07.02.03:554][  0]LogD3D11RHI: [Aftermath] Aftermath enabled and primed
[2018.07.03-07.02.03:555][  0]LogD3D11RHI: [Aftermath] Aftermath enabled and primed
[2018.07.03-07.02.03:555][  0]LogD3D11RHI: Async texture creation enabled
[2018.07.03-07.02.03:893][  0]LogD3D11RHI: GPU Timing Frequency: 1000.000000 (Debug: 2 2)
[2018.07.03-07.02.03:988][  0]LogShaderCompilers: Guid format shader working directory is -36 characters bigger than the processId version (C:/Users/aarth/Documents/Unreal Projects/DémoNulleDeOuf/Intermediate/Shaders/WorkingDirectory/11632/).
[2018.07.03-07.02.03:991][  0]LogShaderCompilers: Cleaned the shader compiler working directory 'E:/TEMP/UnrealShaderWorkingDir/BEC99CEF41F8B4E03B1D2F99094E1874/'.
[2018.07.03-07.02.04:894][  0]LogTemp: Display: Loaded TP AllDesktopTargetPlatform
[2018.07.03-07.02.04:908][  0]LogTemp: Display: Loaded TP MacClientTargetPlatform
[2018.07.03-07.02.04:931][  0]LogTemp: Display: Loaded TP MacNoEditorTargetPlatform
[2018.07.03-07.02.04:948][  0]LogTemp: Display: Loaded TP MacServerTargetPlatform
[2018.07.03-07.02.04:981][  0]LogTemp: Display: Loaded TP MacTargetPlatform
[2018.07.03-07.02.05:001][  0]LogTemp: Display: Loaded TP WindowsClientTargetPlatform
[2018.07.03-07.02.05:016][  0]LogTemp: Display: Loaded TP WindowsNoEditorTargetPlatform
[2018.07.03-07.02.05:032][  0]LogTemp: Display: Loaded TP WindowsServerTargetPlatform
[2018.07.03-07.02.05:040][  0]LogTemp: Display: Loaded TP WindowsTargetPlatform
[2018.07.03-07.02.05:053][  0]LogTemp: Display: Loaded TP Android_ASTCTargetPlatform
[2018.07.03-07.02.05:067][  0]LogTemp: Display: Loaded TP Android_ATCTargetPlatform
[2018.07.03-07.02.05:081][  0]LogTemp: Display: Loaded TP Android_DXTTargetPlatform
[2018.07.03-07.02.05:094][  0]LogTemp: Display: Loaded TP Android_ETC1aTargetPlatform
[2018.07.03-07.02.05:108][  0]LogTemp: Display: Loaded TP Android_ETC1TargetPlatform
[2018.07.03-07.02.05:121][  0]LogTemp: Display: Loaded TP Android_ETC2TargetPlatform
[2018.07.03-07.02.05:149][  0]LogTemp: Display: Loaded TP Android_MultiTargetPlatform
[2018.07.03-07.02.05:149][  0]LogTemp: Display: Loaded TP Android_PVRTCTargetPlatform
[2018.07.03-07.02.05:206][  0]LogTemp: Display: Loaded TP AndroidTargetPlatform
[2018.07.03-07.02.05:208][  0]LogTemp: Display: Loaded TP HTML5TargetPlatform
[2018.07.03-07.02.05:295][  0]LogTemp: Display: Loaded TP IOSTargetPlatform
[2018.07.03-07.02.05:309][  0]LogTemp: Display: Loaded TP TVOSTargetPlatform
[2018.07.03-07.02.05:322][  0]LogTemp: Display: Loaded TP LinuxClientTargetPlatform
[2018.07.03-07.02.05:336][  0]LogTemp: Display: Loaded TP LinuxNoEditorTargetPlatform
[2018.07.03-07.02.05:351][  0]LogTemp: Display: Loaded TP LinuxServerTargetPlatform
[2018.07.03-07.02.05:366][  0]LogTemp: Display: Loaded TP LinuxTargetPlatform
[2018.07.03-07.02.05:366][  0]LogTargetPlatformManager: Display: Building Assets For Windows
[2018.07.03-07.02.06:002][  0]LogXGEController: Cleaning working directory: E:/TEMP/UnrealXGEWorkingDir/
[2018.07.03-07.02.06:003][  0]LogXGEController: Cannot use XGE Controller as Incredibuild is not installed on this machine.
[2018.07.03-07.02.06:015][  0]LogShaderCompilers: Cannot use XGE Shader Compiler as Incredibuild is not installed on this machine.
[2018.07.03-07.02.06:015][  0]LogShaderCompilers: Display: Using Local Shader Compiler.
[2018.07.03-07.02.07:840][  0]LogDerivedDataCache: Display: Max Cache Size: 512 MB
[2018.07.03-07.02.08:275][  0]LogDerivedDataCache: Loaded boot cache 0.43s 74MB C:/Users/aarth/AppData/Local/UnrealEngine/4.19/DerivedDataCache/Boot.ddc.
[2018.07.03-07.02.08:275][  0]LogDerivedDataCache: Display: Loaded Boot cache: C:/Users/aarth/AppData/Local/UnrealEngine/4.19/DerivedDataCache/Boot.ddc
[2018.07.03-07.02.08:275][  0]LogDerivedDataCache: FDerivedDataBackendGraph:  Pak pak cache file C:/Users/aarth/Documents/Unreal Projects/DémoNulleDeOuf/DerivedDataCache/DDC.ddp not found, will not use a pak cache.
[2018.07.03-07.02.08:275][  0]LogDerivedDataCache: Unable to find inner node Pak for hierarchical cache Hierarchy.
[2018.07.03-07.02.08:275][  0]LogDerivedDataCache: FDerivedDataBackendGraph:  CompressedPak pak cache file C:/Users/aarth/Documents/Unreal Projects/DémoNulleDeOuf/DerivedDataCache/Compressed.ddp not found, will not use a pak cache.
[2018.07.03-07.02.08:275][  0]LogDerivedDataCache: Unable to find inner node CompressedPak for hierarchical cache Hierarchy.
[2018.07.03-07.02.08:369][  0]LogDerivedDataCache: Display: Pak cache opened for reading ../../../Engine/DerivedDataCache/Compressed.ddp.
[2018.07.03-07.02.08:383][  0]LogDerivedDataCache: Using Local data cache path C:/Users/aarth/AppData/Local/UnrealEngine/Common/DerivedDataCache: Writable
[2018.07.03-07.02.08:383][  0]LogDerivedDataCache: Shared data cache path not found in *engine.ini, will not use an Shared cache.
[2018.07.03-07.02.08:383][  0]LogDerivedDataCache: Unable to find inner node Shared for hierarchical cache Hierarchy.
[2018.07.03-07.02.08:439][  0]LogMaterial: Verifying Global Shaders for PCD3D_SM5
[2018.07.03-07.02.08:477][  0]LogSlate: Using Freetype 2.6.0
[2018.07.03-07.02.08:555][  0]LogSlate: SlateFontCache - WITH_FREETYPE: 1, WITH_HARFBUZZ: 1
[2018.07.03-07.02.08:555][  0]LogSlate: SlateFontCache - WITH_FREETYPE: 1, WITH_HARFBUZZ: 1
[2018.07.03-07.02.13:435][  0]LogAssetRegistry: FAssetRegistry took 0.0507 seconds to start up
[2018.07.03-07.02.20:396][  0]LogInit: Selected Device Profile: [Windows]
[2018.07.03-07.02.21:560][  0]LogSimplygon: Simplygon DLL not present - disabling.
[2018.07.03-07.02.21:582][  0]LogMeshReduction: Using SimplygonSwarm for distributed automatic mesh merging
[2018.07.03-07.02.21:591][  0]LogMeshReduction: Using QuadricMeshReduction for automatic static mesh reduction
[2018.07.03-07.02.21:591][  0]LogMeshReduction: No automatic skeletal mesh reduction module available
[2018.07.03-07.02.21:591][  0]LogMeshReduction: No automatic mesh merging module available
[2018.07.03-07.02.21:591][  0]LogMeshMerging: No automatic mesh merging module available
[2018.07.03-07.02.21:988][  0]LogNetVersion: DémoNulleDeOuf , NetCL: 3944462, EngineNetVer: 2, GameNetVer: 0 (Checksum: 330419124)
[2018.07.03-07.02.25:710][  0]LogAssetRegistry: Error: Failed to open file for write C:/Users/aarth/Documents/Unreal Projects/DémoNulleDeOuf/Intermediate/AssetRegistryCache/2f5244c7.bin
[2018.07.03-07.02.25:713][  0]LogFileManager: Warning: MoveFile was unable to move 'C:/Users/aarth/Documents/Unreal Projects/DémoNulleDeOuf/Intermediate/AssetRegistryCache/f0d5030c.bin.tmp' to 'C:/Users/aarth/Documents/Unreal Projects/DémoNulleDeOuf/Intermediate/AssetRegistryCache/f0d5030c.bin', retrying in .5s...
[2018.07.03-07.02.26:214][  0]LogFileManager: Warning: MoveFile was unable to move 'C:/Users/aarth/Documents/Unreal Projects/DémoNulleDeOuf/Intermediate/AssetRegistryCache/f0d5030c.bin.tmp' to 'C:/Users/aarth/Documents/Unreal Projects/DémoNulleDeOuf/Intermediate/AssetRegistryCache/f0d5030c.bin', retrying in .5s...
[2018.07.03-07.02.26:715][  0]LogFileManager: Warning: MoveFile was unable to move 'C:/Users/aarth/Documents/Unreal Projects/DémoNulleDeOuf/Intermediate/AssetRegistryCache/f0d5030c.bin.tmp' to 'C:/Users/aarth/Documents/Unreal Projects/DémoNulleDeOuf/Intermediate/AssetRegistryCache/f0d5030c.bin', retrying in .5s...
[2018.07.03-07.02.27:215][  0]LogFileManager: Warning: MoveFile was unable to move 'C:/Users/aarth/Documents/Unreal Projects/DémoNulleDeOuf/Intermediate/AssetRegistryCache/f0d5030c.bin.tmp' to 'C:/Users/aarth/Documents/Unreal Projects/DémoNulleDeOuf/Intermediate/AssetRegistryCache/f0d5030c.bin', retrying in .5s...
[2018.07.03-07.02.27:716][  0]LogFileManager: Warning: MoveFile was unable to move 'C:/Users/aarth/Documents/Unreal Projects/DémoNulleDeOuf/Intermediate/AssetRegistryCache/f0d5030c.bin.tmp' to 'C:/Users/aarth/Documents/Unreal Projects/DémoNulleDeOuf/Intermediate/AssetRegistryCache/f0d5030c.bin', retrying in .5s...
[2018.07.03-07.02.28:216][  0]LogFileManager: Warning: MoveFile was unable to move 'C:/Users/aarth/Documents/Unreal Projects/DémoNulleDeOuf/Intermediate/AssetRegistryCache/f0d5030c.bin.tmp' to 'C:/Users/aarth/Documents/Unreal Projects/DémoNulleDeOuf/Intermediate/AssetRegistryCache/f0d5030c.bin', retrying in .5s...
[2018.07.03-07.02.28:717][  0]LogFileManager: Warning: MoveFile was unable to move 'C:/Users/aarth/Documents/Unreal Projects/DémoNulleDeOuf/Intermediate/AssetRegistryCache/f0d5030c.bin.tmp' to 'C:/Users/aarth/Documents/Unreal Projects/DémoNulleDeOuf/Intermediate/AssetRegistryCache/f0d5030c.bin', retrying in .5s...
[2018.07.03-07.02.29:217][  0]LogFileManager: Warning: MoveFile was unable to move 'C:/Users/aarth/Documents/Unreal Projects/DémoNulleDeOuf/Intermediate/AssetRegistryCache/f0d5030c.bin.tmp' to 'C:/Users/aarth/Documents/Unreal Projects/DémoNulleDeOuf/Intermediate/AssetRegistryCache/f0d5030c.bin', retrying in .5s...
[2018.07.03-07.02.29:718][  0]LogFileManager: Warning: MoveFile was unable to move 'C:/Users/aarth/Documents/Unreal Projects/DémoNulleDeOuf/Intermediate/AssetRegistryCache/f0d5030c.bin.tmp' to 'C:/Users/aarth/Documents/Unreal Projects/DémoNulleDeOuf/Intermediate/AssetRegistryCache/f0d5030c.bin', retrying in .5s...
[2018.07.03-07.02.30:218][  0]LogFileManager: Warning: MoveFile was unable to move 'C:/Users/aarth/Documents/Unreal Projects/DémoNulleDeOuf/Intermediate/AssetRegistryCache/f0d5030c.bin.tmp' to 'C:/Users/aarth/Documents/Unreal Projects/DémoNulleDeOuf/Intermediate/AssetRegistryCache/f0d5030c.bin', retrying in .5s...
[2018.07.03-07.02.30:718][  0]LogFileManager: Error: Error moving file 'C:/Users/aarth/Documents/Unreal Projects/DémoNulleDeOuf/Intermediate/AssetRegistryCache/f0d5030c.bin.tmp' to 'C:/Users/aarth/Documents/Unreal Projects/DémoNulleDeOuf/Intermediate/AssetRegistryCache/f0d5030c.bin'.
[2018.07.03-07.02.30:724][  0]LogPackageLocalizationCache: Processed 9 localized package path(s) for 1 prioritized culture(s) in 5.101475 seconds
[2018.07.03-07.02.30:732][  0]LogUObjectArray: 36728 objects as part of root set at end of initial load.
[2018.07.03-07.02.30:732][  0]LogUObjectAllocator: 7314312 out of 0 bytes used by permanent object pool.
[2018.07.03-07.02.30:732][  0]LogUObjectArray: CloseDisregardForGC: 0/0 objects in disregard for GC pool
[2018.07.03-07.02.39:782][  0]LogTcpMessaging: Initializing TcpMessaging bridge
[2018.07.03-07.02.39:833][  0]LogUdpMessaging: Initializing bridge on interface 0.0.0.0:0 to multicast group 230.0.0.1:6666.
[2018.07.03-07.02.40:834][  0]SourceControl: Source control is disabled
[2018.07.03-07.02.40:841][  0]SourceControl: Source control is disabled
[2018.07.03-07.02.40:925][  0]SourceControl: Source control is disabled
[2018.07.03-07.02.40:961][  0]SourceControl: Source control is disabled
[2018.07.03-07.02.42:692][  0]LogAndroidPermission: UAndroidPermissionCallbackProxy::GetInstance
[2018.07.03-07.02.45:630][  0]LogOcInput: OculusInput pre-init called
[2018.07.03-07.02.46:264][  0]LogEngine: Initializing Engine...
[2018.07.03-07.02.46:354][  0]LogHMD: Failed to initialize OpenVR with code 110
[2018.07.03-07.02.46:384][  0]LogStats: UGameplayTagsManager::ConstructGameplayTagTree: Construct from data asset -  0.000 s
[2018.07.03-07.02.46:385][  0]LogStats: UGameplayTagsManager::ConstructGameplayTagTree: GameplayTagTreeChangedEvent.Broadcast -  0.000 s
[2018.07.03-07.02.47:792][  0]LogAIModule: Creating AISystem for world Untitled
[2018.07.03-07.02.47:940][  0]LogInit: XAudio2 using 'Casque pour téléphone (Corsair VOID RGB Wireless Gaming Headset)' : 6 channels at 48 kHz using 16 bits per sample (channel mask 0x3f)
[2018.07.03-07.02.48:196][  0]LogInit: FAudioDevice initialized.
[2018.07.03-07.02.48:343][  0]LogDerivedDataCache: Saved boot cache 0.13s 74MB C:/Users/aarth/AppData/Local/UnrealEngine/4.19/DerivedDataCache/Boot.ddc.
[2018.07.03-07.02.48:357][  0]LogInit: Texture streaming: Enabled
[2018.07.03-07.02.48:389][  0]LogEngineSessionManager: EngineSessionManager initialized
[2018.07.03-07.02.49:761][  0]LogInit: Transaction tracking system initialized
[2018.07.03-07.02.50:087][  0]BlueprintLog: New page: Editor Load
[2018.07.03-07.02.51:142][  0]LocalizationService: Localization service is disabled
[2018.07.03-07.02.51:848][  0]LogConsoleResponse: Display: 
[2018.07.03-07.02.56:168][  0]LogFileCache: Scanning file cache for directory 'C:/Users/aarth/Documents/Unreal Projects/DémoNulleDeOuf/Content/' took 0.10s
[2018.07.03-07.02.56:168][  0]LogCook: Display: Max memory allowance for cook 16384mb min free memory 0mb
[2018.07.03-07.02.56:168][  0]LogCook: Display: Mobile HDR setting 1
[2018.07.03-07.02.56:168][  0]LogGameplayTags: Display: UGameplayTagsManager::DoneAddingNativeTags. DelegateIsBound: 0
[2018.07.03-07.02.56:168][  0]LogStats: UGameplayTagsManager::ConstructGameplayTagTree: Construct from data asset -  0.000 s
[2018.07.03-07.02.56:168][  0]LogStats: UGameplayTagsManager::ConstructGameplayTagTree: GameplayTagTreeChangedEvent.Broadcast -  0.000 s
[2018.07.03-07.03.00:534][  0]SourceControl: Source control is disabled
[2018.07.03-07.03.00:571][  0]Cmd: MAP LOAD FILE="../../../Engine/Content/Maps/Templates/Template_Default.umap" TEMPLATE=1 SHOWPROGRESS=1 FEATURELEVEL=3
[2018.07.03-07.03.00:590][  0]LightingResults: New page: Lighting Build
[2018.07.03-07.03.00:762][  0]MapCheck: New page: Map Check
[2018.07.03-07.03.00:762][  0]LightingResults: New page: Lighting Build
[2018.07.03-07.03.02:578][  0]LogAIModule: Creating AISystem for world Untitled_1
[2018.07.03-07.03.03:132][  0]LogEditorServer: Finished looking for orphan Actors (0.000 secs)
[2018.07.03-07.03.03:216][  0]Cmd: MAP CHECKDEP NOCLEARLOG
[2018.07.03-07.03.03:260][  0]MapCheck: Map check complete: 0 Error(s), 0 Warning(s), took 43,241ms to complete.
[2018.07.03-07.03.03:260][  0]LogFileHelpers: Loading map 'Template_Default' took 2.703
[2018.07.03-07.03.05:397][  0]LogCollectionManager: Loaded 0 collections in 0.002349 seconds
[2018.07.03-07.03.05:607][  0]LogFileCache: Scanning file cache for directory 'C:/Users/aarth/Documents/Unreal Projects/DémoNulleDeOuf/Saved/Collections/' took 0.01s
[2018.07.03-07.03.05:607][  0]LogFileCache: Scanning file cache for directory 'C:/Users/aarth/Documents/Unreal Projects/DémoNulleDeOuf/Content/Developers/aarth/Collections/' took 0.01s
[2018.07.03-07.03.05:607][  0]LogFileCache: Scanning file cache for directory 'C:/Users/aarth/Documents/Unreal Projects/DémoNulleDeOuf/Content/Collections/' took 0.01s
[2018.07.03-07.03.05:607][  0]LogCollectionManager: Rebuilt the GUID cache for 0 collections in 0.000000 seconds
[2018.07.03-07.03.05:619][  0]LogContentBrowser: Native class hierarchy populated in 0.0106 seconds. Added 2452 classes and 558 folders.
[2018.07.03-07.03.05:747][  0]LogContentBrowser: Native class hierarchy updated for 'WidgetCarousel' in 0.0002 seconds. Added 0 classes and 0 folders.
[2018.07.03-07.03.06:940][  0]LogContentBrowser: Native class hierarchy updated for 'AddContentDialog' in 0.0003 seconds. Added 0 classes and 0 folders.
[2018.07.03-07.03.07:143][  0]LogContentBrowser: Native class hierarchy updated for 'SceneOutliner' in 0.0003 seconds. Added 1 classes and 2 folders.
[2018.07.03-07.03.07:908][  0]LogSlate: Took 0.011383 seconds to synchronously load lazily loaded font '../../../Engine/Content/Slate/Fonts/Roboto-Regular.ttf' (155K)
[2018.07.03-07.03.07:938][  0]LogSlate: Took 0.027256 seconds to synchronously load lazily loaded font '../../../Engine/Content/Slate/Fonts/Roboto-Bold.ttf' (160K)
[2018.07.03-07.03.08:042][  0]LogSlate: Took 0.009750 seconds to synchronously load lazily loaded font '../../../Engine/Content/Editor/Slate/Fonts/FontAwesome.ttf' (139K)
[2018.07.03-07.03.08:691][  0]LogRenderer: Reallocating scene render targets to support 1208x576 Format 10 NumSamples 1 (Frame:1).
[2018.07.03-07.03.09:489][  0]LogContentBrowser: Native class hierarchy updated for 'HierarchicalLODOutliner' in 0.0003 seconds. Added 0 classes and 0 folders.
[2018.07.03-07.03.09:489][  0]LogLoad: (Engine Initialization) Total time: 108.95 seconds
[2018.07.03-07.03.09:489][  0]LogLoad: (Engine Initialization) Total Blueprint compile time: 0.00 seconds
[2018.07.03-07.03.10:354][  0]LogContentStreaming: Texture pool size now 1000 MB
[2018.07.03-07.03.10:919][  1]LogSlate: Took 0.010441 seconds to synchronously load lazily loaded font '../../../Engine/Content/Slate/Fonts/Roboto-Light.ttf' (167K)
[2018.07.03-07.03.11:427][  3]LogAssetRegistry: Asset discovery search completed in 58.0163 seconds
[2018.07.03-07.03.11:432][  3]LogCollectionManager: Rebuilt the object cache for 0 collections in 0.000001 seconds (found 0 objects)
[2018.07.03-07.03.11:433][  3]LogCollectionManager: Fixed up redirectors for 0 collections in 0.000484 seconds (updated 0 objects)
[2018.07.03-07.17.11:744][516]LogSlate: Window 'DémoNulleDeOuf - Unreal Editor' being destroyed
[2018.07.03-07.17.12:311][517]Cmd: QUIT_EDITOR
[2018.07.03-07.17.12:592][517]LogSlate: Slate User Destroyed.  User Index 0, Is Virtual User: 0
[2018.07.03-07.17.12:613][517]LogExit: Preparing to exit.
[2018.07.03-07.17.13:596][517]LogExit: Editor shut down
[2018.07.03-07.17.13:606][517]LogExit: Transaction tracking system shut down
[2018.07.03-07.17.13:832][517]LogDirectoryWatcher: A directory notification for '../../../Engine/Content/' was aborted.
[2018.07.03-07.17.13:832][517]LogDirectoryWatcher: A directory notification for 'C:/Users/aarth/Documents/Unreal Projects/DémoNulleDeOuf/Content/' was aborted.
[2018.07.03-07.17.13:832][517]LogDirectoryWatcher: A directory notification for '../../Plugins/2D/Paper2D/Content/' was aborted.
[2018.07.03-07.17.13:832][517]LogDirectoryWatcher: A directory notification for '../../Plugins/Enterprise/DatasmithContent/Content/' was aborted.
[2018.07.03-07.17.13:832][517]LogDirectoryWatcher: A directory notification for '../../Plugins/Media/MediaCompositing/Content/' was aborted.
[2018.07.03-07.17.13:832][517]LogDirectoryWatcher: A directory notification for '../../Plugins/Runtime/AppleARKit/Content/' was aborted.
[2018.07.03-07.17.13:832][517]LogDirectoryWatcher: A directory notification for '../../Plugins/Runtime/Oculus/OculusVR/Content/' was aborted.
[2018.07.03-07.17.13:833][517]LogDirectoryWatcher: A directory notification for '../../Plugins/Runtime/Steam/SteamVR/Content/' was aborted.
[2018.07.03-07.17.15:155][517]LogExit: Object subsystem successfully closed.
[2018.07.03-07.17.15:306][517]LogShaderCompilers: Display: Shaders left to compile 0
[2018.07.03-07.17.15:320][517]LogD3D11RHI: Shutdown
[2018.07.03-07.17.15:320][517]LogD3D11RHI: CleanupD3DDevice
[2018.07.03-07.17.15:342][517]LogD3D11RHI: ~FD3D11DynamicRHI
[2018.07.03-07.17.16:436][517]LogModuleManager: Shutting down and abandoning module HierarchicalLODOutliner (576)
[2018.07.03-07.17.16:436][517]LogModuleManager: Shutting down and abandoning module SceneOutliner (574)
[2018.07.03-07.17.16:457][517]LogModuleManager: Shutting down and abandoning module AddContentDialog (572)
[2018.07.03-07.17.16:489][517]LogDirectoryWatcher: A directory notification for 'E:/Program Files/Epic Games/UE_4.19/FeaturePacks/' was aborted.
[2018.07.03-07.17.16:489][517]LogModuleManager: Shutting down and abandoning module WidgetCarousel (571)
[2018.07.03-07.17.16:489][517]LogModuleManager: Shutting down and abandoning module EditorWidgets (568)
[2018.07.03-07.17.16:489][517]LogModuleManager: Shutting down and abandoning module CollectionManager (566)
[2018.07.03-07.17.16:513][517]LogDirectoryWatcher: A directory notification for 'C:/Users/aarth/Documents/Unreal Projects/DémoNulleDeOuf/Content/Collections/' was aborted.
[2018.07.03-07.17.16:513][517]LogDirectoryWatcher: A directory notification for 'C:/Users/aarth/Documents/Unreal Projects/DémoNulleDeOuf/Content/Developers/aarth/Collections/' was aborted.
[2018.07.03-07.17.16:513][517]LogDirectoryWatcher: A directory notification for 'C:/Users/aarth/Documents/Unreal Projects/DémoNulleDeOuf/Saved/Collections/' was aborted.
[2018.07.03-07.17.16:513][517]LogModuleManager: Shutting down and abandoning module HierarchicalLODUtilities (564)
[2018.07.03-07.17.16:528][517]LogModuleManager: Shutting down and abandoning module StatsViewer (562)
[2018.07.03-07.17.16:544][517]LogModuleManager: Shutting down and abandoning module FoliageEdit (560)
[2018.07.03-07.17.16:544][517]LogModuleManager: Shutting down and abandoning module LandscapeEditor (558)
[2018.07.03-07.17.16:584][517]LogModuleManager: Shutting down and abandoning module MeshPaintMode (556)
[2018.07.03-07.17.16:589][517]LogModuleManager: Shutting down and abandoning module SceneDepthPickerMode (554)
[2018.07.03-07.17.16:589][517]LogModuleManager: Shutting down and abandoning module ActorPickerMode (552)
[2018.07.03-07.17.16:589][517]LogModuleManager: Shutting down and abandoning module GeometryMode (550)
[2018.07.03-07.17.16:595][517]LogModuleManager: Shutting down and abandoning module TextureAlignMode (548)
[2018.07.03-07.17.16:595][517]LogModuleManager: Shutting down and abandoning module BspMode (546)
[2018.07.03-07.17.16:595][517]LogModuleManager: Shutting down and abandoning module PIEPreviewDeviceProfileSelector (544)
[2018.07.03-07.17.16:595][517]LogModuleManager: Shutting down and abandoning module HardwareSurvey (542)
[2018.07.03-07.17.16:595][517]LogModuleManager: Shutting down and abandoning module SequenceRecorderSections (540)
[2018.07.03-07.17.16:619][517]LogModuleManager: Shutting down and abandoning module AutomationWorker (538)
[2018.07.03-07.17.16:619][517]LogModuleManager: Shutting down and abandoning module AudioCaptureEditor (536)
[2018.07.03-07.17.16:619][517]LogModuleManager: Shutting down and abandoning module SequenceRecorder (535)
[2018.07.03-07.17.16:662][517]LogModuleManager: Shutting down and abandoning module MatineeToLevelSequence (532)
[2018.07.03-07.17.16:672][517]LogModuleManager: Shutting down and abandoning module LevelSequenceEditor (530)
[2018.07.03-07.17.16:891][517]LogModuleManager: Shutting down and abandoning module PlacementMode (529)
[2018.07.03-07.17.16:891][517]LogModuleManager: Shutting down and abandoning module MaterialEditor (528)
[2018.07.03-07.17.17:106][517]LogModuleManager: Shutting down and abandoning module WmfMediaFactory (524)
[2018.07.03-07.17.17:106][517]LogModuleManager: Shutting down and abandoning module WmfMediaEditor (522)
[2018.07.03-07.17.17:106][517]LogModuleManager: Shutting down and abandoning module MediaPlayerEditor (520)
[2018.07.03-07.17.17:205][517]LogModuleManager: Shutting down and abandoning module OpenExrWrapper (518)
[2018.07.03-07.17.17:205][517]LogModuleManager: Shutting down and abandoning module ImgMediaFactory (516)
[2018.07.03-07.17.17:205][517]LogModuleManager: Shutting down and abandoning module ImgMediaEditor (514)
[2018.07.03-07.17.17:205][517]LogModuleManager: Shutting down and abandoning module AvfMediaFactory (512)
[2018.07.03-07.17.17:205][517]LogModuleManager: Shutting down and abandoning module AvfMediaEditor (510)
[2018.07.03-07.17.17:205][517]LogModuleManager: Shutting down and abandoning module AndroidMediaFactory (508)
[2018.07.03-07.17.17:205][517]LogModuleManager: Shutting down and abandoning module AndroidMediaEditor (506)
[2018.07.03-07.17.17:205][517]LogModuleManager: Shutting down and abandoning module CharacterAI (504)
[2018.07.03-07.17.17:205][517]LogModuleManager: Shutting down and abandoning module SmartSnapping (502)
[2018.07.03-07.17.17:205][517]LogModuleManager: Shutting down and abandoning module SessionServices (500)
[2018.07.03-07.17.17:205][517]LogModuleManager: Shutting down and abandoning module ViewportSnapping (498)
[2018.07.03-07.17.17:205][517]LogModuleManager: Shutting down and abandoning module ViewportInteraction (496)
[2018.07.03-07.17.17:205][517]LogModuleManager: Shutting down and abandoning module ClothPainter (494)
[2018.07.03-07.17.17:243][517]LogModuleManager: Shutting down and abandoning module SkeletalMeshEditor (493)
[2018.07.03-07.17.17:283][517]LogModuleManager: Shutting down and abandoning module LogVisualizer (490)
[2018.07.03-07.17.17:327][517]LogModuleManager: Shutting down and abandoning module IntroTutorials (488)
[2018.07.03-07.17.17:423][517]LogModuleManager: Shutting down and abandoning module GameProjectGeneration (487)
[2018.07.03-07.17.17:432][517]LogModuleManager: Shutting down and abandoning module IOSPlatformEditor (484)
[2018.07.03-07.17.17:432][517]LogModuleManager: Shutting down and abandoning module HTML5PlatformEditor (482)
[2018.07.03-07.17.17:432][517]LogModuleManager: Shutting down and abandoning module AndroidPlatformEditor (480)
[2018.07.03-07.17.17:432][517]LogModuleManager: Shutting down and abandoning module AndroidDeviceDetection (479)
[2018.07.03-07.17.17:726][517]LogModuleManager: Shutting down and abandoning module WindowsPlatformEditor (476)
[2018.07.03-07.17.17:726][517]LogModuleManager: Shutting down and abandoning module IOSRuntimeSettings (474)
[2018.07.03-07.17.17:726][517]LogModuleManager: Shutting down and abandoning module AndroidRuntimeSettings (472)
[2018.07.03-07.17.17:726][517]LogModuleManager: Shutting down and abandoning module InputBindingEditor (470)
[2018.07.03-07.17.17:741][517]LogModuleManager: Shutting down and abandoning module MergeActors (468)
[2018.07.03-07.17.17:772][517]LogModuleManager: Shutting down and abandoning module LocalizationDashboard (466)
[2018.07.03-07.17.17:783][517]LogModuleManager: Shutting down and abandoning module LocalizationService (465)
[2018.07.03-07.17.17:797][517]LogModuleManager: Shutting down and abandoning module HardwareTargeting (462)
[2018.07.03-07.17.17:797][517]LogModuleManager: Shutting down and abandoning module DeviceProfileEditor (460)
[2018.07.03-07.17.17:805][517]LogModuleManager: Shutting down and abandoning module UndoHistory (458)
[2018.07.03-07.17.17:805][517]LogModuleManager: Shutting down and abandoning module XmlParser (456)
[2018.07.03-07.17.17:819][517]LogModuleManager: Shutting down and abandoning module Blutility (454)
[2018.07.03-07.17.17:819][517]LogModuleManager: Shutting down and abandoning module ProjectSettingsViewer (452)
[2018.07.03-07.17.17:820][517]LogModuleManager: Shutting down and abandoning module ProjectTargetPlatformEditor (451)
[2018.07.03-07.17.17:820][517]LogModuleManager: Shutting down and abandoning module EditorSettingsViewer (448)
[2018.07.03-07.17.17:820][517]LogModuleManager: Shutting down and abandoning module SettingsEditor (446)
[2018.07.03-07.17.18:341][517]LogModuleManager: Shutting down and abandoning module ProjectLauncher (444)
[2018.07.03-07.17.18:364][517]LogModuleManager: Shutting down and abandoning module SessionFrontend (442)
[2018.07.03-07.17.18:378][517]LogModuleManager: Shutting down and abandoning module ProfilerClient (440)
[2018.07.03-07.17.18:387][517]LogModuleManager: Shutting down and abandoning module DeviceManager (438)
[2018.07.03-07.17.18:392][517]LogModuleManager: Shutting down and abandoning module TargetDeviceServices (437)
[2018.07.03-07.17.18:459][517]LogModuleManager: Shutting down and abandoning module AutomationController (434)
[2018.07.03-07.17.18:468][517]LogModuleManager: Shutting down and abandoning module AutomationWindow (432)
[2018.07.03-07.17.18:481][517]LogModuleManager: Shutting down and abandoning module Layers (430)
[2018.07.03-07.17.18:528][517]LogModuleManager: Shutting down and abandoning module ComponentVisualizers (428)
[2018.07.03-07.17.18:529][517]LogModuleManager: Shutting down and abandoning module DetailCustomizations (426)
[2018.07.03-07.17.18:545][517]LogModuleManager: Shutting down and abandoning module PackagesDialog (424)
[2018.07.03-07.17.18:575][517]LogModuleManager: Shutting down and abandoning module Persona (422)
[2018.07.03-07.17.18:619][517]LogModuleManager: Shutting down and abandoning module AdvancedPreviewScene (421)
[2018.07.03-07.17.18:619][517]LogModuleManager: Shutting down and abandoning module AnimGraph (419)
[2018.07.03-07.17.18:619][517]LogModuleManager: Shutting down and abandoning module Kismet (416)
[2018.07.03-07.17.18:678][517]LogModuleManager: Shutting down and abandoning module GraphEditor (414)
[2018.07.03-07.17.18:711][517]LogModuleManager: Shutting down and abandoning module ClassViewer (412)
[2018.07.03-07.17.18:711][517]LogModuleManager: Shutting down and abandoning module Toolbox (410)
[2018.07.03-07.17.18:711][517]LogModuleManager: Shutting down and abandoning module ModuleUI (408)
[2018.07.03-07.17.18:726][517]LogModuleManager: Shutting down and abandoning module MovieSceneTools (406)
[2018.07.03-07.17.18:749][517]LogModuleManager: Shutting down and abandoning module OutputLog (404)
[2018.07.03-07.17.18:763][517]LogModuleManager: Shutting down and abandoning module GammaUI (402)
[2018.07.03-07.17.18:773][517]LogModuleManager: Shutting down and abandoning module Documentation (400)
[2018.07.03-07.17.18:773][517]LogModuleManager: Shutting down and abandoning module MovieSceneTracks (398)
[2018.07.03-07.17.18:773][517]LogModuleManager: Shutting down and abandoning module MovieScene (396)
[2018.07.03-07.17.18:773][517]LogModuleManager: Shutting down and abandoning module StreamingPauseRendering (394)
[2018.07.03-07.17.18:773][517]LogModuleManager: Shutting down and abandoning module LauncherPlatform (392)
[2018.07.03-07.17.18:773][517]LogModuleManager: Shutting down and abandoning module AnalyticsET (390)
[2018.07.03-07.17.18:773][517]LogModuleManager: Shutting down and abandoning module PortalServices (388)
[2018.07.03-07.17.18:773][517]LogModuleManager: Shutting down and abandoning module PortalRpc (386)
[2018.07.03-07.17.18:773][517]LogModuleManager: Shutting down and abandoning module MessagingRpc (384)
[2018.07.03-07.17.18:773][517]LogModuleManager: Shutting down and abandoning module AIModule (382)
[2018.07.03-07.17.18:783][517]LogModuleManager: Shutting down and abandoning module GameplayDebugger (381)
[2018.07.03-07.17.18:785][517]LogModuleManager: Shutting down and abandoning module AITestSuite (379)
[2018.07.03-07.17.18:804][517]LogModuleManager: Shutting down and abandoning module DesktopPlatform (376)
[2018.07.03-07.17.18:814][517]LogModuleManager: Shutting down and abandoning module ProfilerService (374)
[2018.07.03-07.17.19:029][517]LogModuleManager: Shutting down and abandoning module TaskGraph (372)
[2018.07.03-07.17.19:053][517]LogModuleManager: Shutting down and abandoning module SteamVRController (370)
[2018.07.03-07.17.19:053][517]LogModuleManager: Shutting down and abandoning module ProceduralMeshComponentEditor (368)
[2018.07.03-07.17.19:053][517]LogModuleManager: Shutting down and abandoning module ProceduralMeshComponent (366)
[2018.07.03-07.17.19:061][517]LogModuleManager: Shutting down and abandoning module OculusInput (364)
[2018.07.03-07.17.19:074][517]LogModuleManager: Shutting down and abandoning module MobilePatchingUtils (362)
[2018.07.03-07.17.19:074][517]LogModuleManager: Shutting down and abandoning module CustomMeshComponent (360)
[2018.07.03-07.17.19:074][517]LogModuleManager: Shutting down and abandoning module CableComponent (358)
[2018.07.03-07.17.19:080][517]LogModuleManager: Shutting down and abandoning module AudioCapture (356)
[2018.07.03-07.17.19:080][517]LogModuleManager: Shutting down and abandoning module ArchVisCharacter (354)
[2018.07.03-07.17.19:080][517]LogModuleManager: Shutting down and abandoning module AndroidPermission (352)
[2018.07.03-07.17.19:080][517]LogModuleManager: Shutting down and abandoning module NUTUnrealEngine4 (348)
[2018.07.03-07.17.19:080][517]LogModuleManager: Shutting down and abandoning module NetcodeUnitTest (346)
[2018.07.03-07.17.19:101][517]LogModuleManager: Shutting down and abandoning module MediaCompositingEditor (344)
[2018.07.03-07.17.19:101][517]LogModuleManager: Shutting down and abandoning module MediaCompositing (342)
[2018.07.03-07.17.19:101][517]LogModuleManager: Shutting down and abandoning module LinearTimecode (340)
[2018.07.03-07.17.19:101][517]LogModuleManager: Shutting down and abandoning module ImgMedia (338)
[2018.07.03-07.17.19:119][517]LogModuleManager: Shutting down and abandoning module HTML5Networking (336)
[2018.07.03-07.17.19:119][517]LogModuleManager: Shutting down and abandoning module AlembicImporter (334)
[2018.07.03-07.17.19:128][517]LogModuleManager: Shutting down and abandoning module AlembicLibrary (333)
[2018.07.03-07.17.19:128][517]LogModuleManager: Shutting down and abandoning module GeometryCache (332)
[2018.07.03-07.17.19:128][517]LogModuleManager: Shutting down and abandoning module GeometryCacheEd (331)
[2018.07.03-07.17.19:128][517]LogModuleManager: Shutting down and abandoning module DatasmithContent (326)
[2018.07.03-07.17.19:128][517]LogModuleManager: Shutting down and abandoning module SpeedTreeImporter (324)
[2018.07.03-07.17.19:128][517]LogModuleManager: Shutting down and abandoning module PluginBrowser (322)
[2018.07.03-07.17.19:145][517]LogModuleManager: Shutting down and abandoning module MobileLauncherProfileWizard (320)
[2018.07.03-07.17.19:166][517]LogModuleManager: Shutting down and abandoning module CryptoKeysOpenSSL (318)
[2018.07.03-07.17.19:177][517]LogModuleManager: Shutting down and abandoning module CryptoKeys (316)
[2018.07.03-07.17.19:177][517]LogModuleManager: Shutting down and abandoning module VisualStudioSourceCodeAccess (314)
[2018.07.03-07.17.19:177][517]LogModuleManager: Shutting down and abandoning module VisualStudioCodeSourceCodeAccess (312)
[2018.07.03-07.17.19:177][517]LogModuleManager: Shutting down and abandoning module UObjectPlugin (310)
[2018.07.03-07.17.19:177][517]LogModuleManager: Shutting down and abandoning module SubversionSourceControl (308)
[2018.07.03-07.17.19:182][517]LogModuleManager: Shutting down and abandoning module PerforceSourceControl (306)
[2018.07.03-07.17.19:196][517]LogModuleManager: Shutting down and abandoning module GitSourceControl (304)
[2018.07.03-07.17.19:196][517]LogModuleManager: Shutting down and abandoning module SourceControl (303)
[2018.07.03-07.17.19:196][517]LogModuleManager: Shutting down and abandoning module CLionSourceCodeAccess (300)
[2018.07.03-07.17.19:207][517]LogModuleManager: Shutting down and abandoning module LightPropagationVolumeEditor (298)
[2018.07.03-07.17.19:207][517]LogModuleManager: Shutting down and abandoning module PaperTiledImporter (296)
[2018.07.03-07.17.19:207][517]LogModuleManager: Shutting down and abandoning module PaperSpriteSheetImporter (294)
[2018.07.03-07.17.19:207][517]LogModuleManager: Shutting down and abandoning module Paper2DEditor (292)
[2018.07.03-07.17.19:227][517]LogModuleManager: Shutting down and abandoning module MeshPaint (291)
[2018.07.03-07.17.19:233][517]LogModuleManager: Shutting down and abandoning module RuntimePhysXCooking (288)
[2018.07.03-07.17.19:233][517]LogModuleManager: Shutting down and abandoning module PhysXVehiclesEditor (286)
[2018.07.03-07.17.19:233][517]LogModuleManager: Shutting down and abandoning module PhysXVehicles (284)
[2018.07.03-07.17.19:233][517]LogModuleManager: Shutting down and abandoning module OculusEditor (282)
[2018.07.03-07.17.19:233][517]LogModuleManager: Shutting down and abandoning module LocationServicesBPLibrary (280)
[2018.07.03-07.17.19:233][517]LogModuleManager: Shutting down and abandoning module ImmediatePhysicsEditor (278)
[2018.07.03-07.17.19:233][517]LogModuleManager: Shutting down and abandoning module ImmediatePhysics (276)
[2018.07.03-07.17.19:238][517]LogModuleManager: Shutting down and abandoning module ActorSequence (274)
[2018.07.03-07.17.19:238][517]LogModuleManager: Shutting down and abandoning module UdpMessaging (272)
[2018.07.03-07.17.19:353][517]LogModuleManager: Shutting down and abandoning module TcpMessaging (270)
[2018.07.03-07.17.19:464][517]LogModuleManager: Shutting down and abandoning module GameplayTagsEditor (268)
[2018.07.03-07.17.19:471][517]LogModuleManager: Shutting down and abandoning module FacialAnimationEditor (266)
[2018.07.03-07.17.19:471][517]LogModuleManager: Shutting down and abandoning module FacialAnimation (264)
[2018.07.03-07.17.19:471][517]LogModuleManager: Shutting down and abandoning module DataValidation (262)
[2018.07.03-07.17.19:471][517]LogModuleManager: Shutting down and abandoning module AssetManagerEditor (260)
[2018.07.03-07.17.19:486][517]LogModuleManager: Shutting down and abandoning module LevelEditor (259)
[2018.07.03-07.17.19:493][517]LogModuleManager: Shutting down and abandoning module PixelInspectorModule (258)
[2018.07.03-07.17.19:502][517]LogModuleManager: Shutting down and abandoning module CommonMenuExtensions (256)
[2018.07.03-07.17.19:503][517]LogModuleManager: Shutting down and abandoning module MainFrame (254)
[2018.07.03-07.17.19:503][517]LogModuleManager: Shutting down and abandoning module HotReload (253)
[2018.07.03-07.17.19:518][517]LogModuleManager: Shutting down and abandoning module ContentBrowser (249)
[2018.07.03-07.17.19:519][517]LogModuleManager: Shutting down and abandoning module TreeMap (247)
[2018.07.03-07.17.19:529][517]LogModuleManager: Shutting down and abandoning module LightPropagationVolumeRuntime (244)
[2018.07.03-07.17.19:529][517]LogModuleManager: Shutting down and abandoning module LiveLinkEditor (242)
[2018.07.03-07.17.19:530][517]LogModuleManager: Shutting down and abandoning module LiveLink (240)
[2018.07.03-07.17.20:326][517]LogModuleManager: Shutting down and abandoning module Paper2D (238)
[2018.07.03-07.17.20:334][517]LogModuleManager: Shutting down and abandoning module WindowsMoviePlayer (236)
[2018.07.03-07.17.20:347][517]LogModuleManager: Shutting down and abandoning module WmfMedia (234)
[2018.07.03-07.17.20:360][517]LogModuleManager: Shutting down and abandoning module Media (233)
[2018.07.03-07.17.20:366][517]LogModuleManager: Shutting down and abandoning module PacketHandler (230)
[2018.07.03-07.17.20:366][517]LogModuleManager: Shutting down and abandoning module ClothingSystemEditor (228)
[2018.07.03-07.17.20:366][517]LogModuleManager: Shutting down and abandoning module ClothingSystemRuntime (226)
[2018.07.03-07.17.20:379][517]LogModuleManager: Shutting down and abandoning module MediaAssets (224)
[2018.07.03-07.17.20:379][517]LogModuleManager: Shutting down and abandoning module Overlay (222)
[2018.07.03-07.17.20:379][517]LogModuleManager: Shutting down and abandoning module OverlayEditor (221)
[2018.07.03-07.17.20:379][517]LogModuleManager: Shutting down and abandoning module VREditor (218)
[2018.07.03-07.17.20:396][517]LogModuleManager: Shutting down and abandoning module StringTableEditor (216)
[2018.07.03-07.17.20:396][517]LogModuleManager: Shutting down and abandoning module GameplayTasksEditor (214)
[2018.07.03-07.17.20:396][517]LogModuleManager: Shutting down and abandoning module BehaviorTreeEditor (212)
[2018.07.03-07.17.20:422][517]LogModuleManager: Shutting down and abandoning module FunctionalTesting (210)
[2018.07.03-07.17.20:434][517]LogModuleManager: Shutting down and abandoning module CollisionAnalyzer (208)
[2018.07.03-07.17.20:452][517]LogModuleManager: Shutting down and abandoning module WorkspaceMenuStructure (207)
[2018.07.03-07.17.20:452][517]LogModuleManager: Shutting down and abandoning module UMG (204)
[2018.07.03-07.17.20:469][517]LogModuleManager: Shutting down and abandoning module UMGEditor (203)
[2018.07.03-07.17.20:500][517]LogModuleManager: Shutting down and abandoning module Sequencer (202)
[2018.07.03-07.17.20:520][517]LogModuleManager: Shutting down and abandoning module MessageLog (199)
[2018.07.03-07.17.20:520][517]LogModuleManager: Shutting down and abandoning module SlateReflector (194)
[2018.07.03-07.17.20:533][517]LogModuleManager: Shutting down and abandoning module Slate (192)
[2018.07.03-07.17.20:534][517]LogModuleManager: Shutting down and abandoning module EditorStyle (190)
[2018.07.03-07.17.20:547][517]LogModuleManager: Shutting down and abandoning module MRMesh (188)
[2018.07.03-07.17.20:547][517]LogModuleManager: Shutting down and abandoning module SourceCodeAccess (186)
[2018.07.03-07.17.20:547][517]LogModuleManager: Shutting down and abandoning module HeadMountedDisplay (184)
[2018.07.03-07.17.20:547][517]LogModuleManager: Shutting down and abandoning module XAudio2 (182)
[2018.07.03-07.17.20:547][517]LogModuleManager: Shutting down and abandoning module Networking (180)
[2018.07.03-07.17.20:547][517]LogModuleManager: Shutting down and abandoning module Core (178)
[2018.07.03-07.17.20:547][517]LogModuleManager: Shutting down and abandoning module LevelSequence (176)
[2018.07.03-07.17.20:557][517]LogModuleManager: Shutting down and abandoning module KismetCompiler (174)
[2018.07.03-07.17.20:557][517]LogModuleManager: Shutting down and abandoning module MeshUtilities (172)
[2018.07.03-07.17.20:572][517]LogModuleManager: Shutting down and abandoning module MeshMergeUtilities (171)
[2018.07.03-07.17.20:573][517]LogModuleManager: Shutting down and abandoning module MeshReductionInterface (170)
[2018.07.03-07.17.20:573][517]LogModuleManager: Shutting down and abandoning module SimplygonSwarm (169)
[2018.07.03-07.17.20:578][517]LogModuleManager: Shutting down and abandoning module SimplygonMeshReduction (167)
[2018.07.03-07.17.20:590][517]LogModuleManager: Shutting down and abandoning module QuadricMeshReduction (165)
[2018.07.03-07.17.20:603][517]LogModuleManager: Shutting down and abandoning module MaterialBaking (161)
[2018.07.03-07.17.20:604][517]LogModuleManager: Shutting down and abandoning module DirectoryWatcher (157)
[2018.07.03-07.17.20:606][517]LogModuleManager: Shutting down and abandoning module DerivedDataCache (154)
[2018.07.03-07.17.20:660][517]LogDerivedDataCache: Shutdown
[2018.07.03-07.17.20:660][517]LogModuleManager: Shutting down and abandoning module XGEController (152)
[2018.07.03-07.17.20:660][517]LogXGEController: Cleaning working directory: E:/TEMP/UnrealXGEWorkingDir/
[2018.07.03-07.17.20:661][517]LogModuleManager: Shutting down and abandoning module TargetPlatform (150)
[2018.07.03-07.17.20:661][517]LogModuleManager: Shutting down and abandoning module VulkanShaderFormat (149)
[2018.07.03-07.17.20:685][517]LogModuleManager: Shutting down and abandoning module ShaderFormatVectorVM (147)
[2018.07.03-07.17.20:699][517]LogModuleManager: Shutting down and abandoning module ShaderFormatOpenGL (145)
[2018.07.03-07.17.20:714][517]LogModuleManager: Shutting down and abandoning module ShaderFormatD3D (143)
[2018.07.03-07.17.20:725][517]LogModuleManager: Shutting down and abandoning module MetalShaderFormat (141)
[2018.07.03-07.17.20:740][517]LogModuleManager: Shutting down and abandoning module TextureFormatUncompressed (139)
[2018.07.03-07.17.20:740][517]LogModuleManager: Shutting down and abandoning module TextureFormatPVR (137)
[2018.07.03-07.17.20:740][517]LogModuleManager: Shutting down and abandoning module TextureFormatDXT (135)
[2018.07.03-07.17.20:746][517]LogModuleManager: Shutting down and abandoning module TextureFormatIntelISPCTexComp (133)
[2018.07.03-07.17.20:756][517]LogModuleManager: Shutting down and abandoning module TextureFormatASTC (131)
[2018.07.03-07.17.20:756][517]LogModuleManager: Shutting down and abandoning module ImageWrapper (130)
[2018.07.03-07.17.20:756][517]LogModuleManager: Shutting down and abandoning module TextureFormatAndroid (127)
[2018.07.03-07.17.20:756][517]LogModuleManager: Shutting down and abandoning module AudioFormatOpus (125)
[2018.07.03-07.17.20:756][517]LogModuleManager: Shutting down and abandoning module AudioFormatOgg (123)
[2018.07.03-07.17.20:756][517]LogModuleManager: Shutting down and abandoning module AudioFormatADPCM (121)
[2018.07.03-07.17.20:756][517]LogModuleManager: Shutting down and abandoning module LinuxTargetPlatform (119)
[2018.07.03-07.17.20:756][517]LogModuleManager: Shutting down and abandoning module LinuxServerTargetPlatform (117)
[2018.07.03-07.17.20:756][517]LogModuleManager: Shutting down and abandoning module LinuxNoEditorTargetPlatform (115)
[2018.07.03-07.17.20:756][517]LogModuleManager: Shutting down and abandoning module LinuxClientTargetPlatform (113)
[2018.07.03-07.17.20:756][517]LogModuleManager: Shutting down and abandoning module TVOSTargetPlatform (111)
[2018.07.03-07.17.20:756][517]LogModuleManager: Shutting down and abandoning module Messaging (109)
[2018.07.03-07.17.20:756][517]LogModuleManager: Shutting down and abandoning module IOSTargetPlatform (107)
[2018.07.03-07.17.20:756][517]LogModuleManager: Shutting down and abandoning module HTML5TargetPlatform (105)
[2018.07.03-07.17.20:756][517]LogModuleManager: Shutting down and abandoning module AndroidTargetPlatform (103)
[2018.07.03-07.17.20:757][517]LogModuleManager: Shutting down and abandoning module Android_PVRTCTargetPlatform (101)
[2018.07.03-07.17.20:757][517]LogModuleManager: Shutting down and abandoning module Android_MultiTargetPlatform (99)
[2018.07.03-07.17.20:757][517]LogModuleManager: Shutting down and abandoning module Android_ETC2TargetPlatform (97)
[2018.07.03-07.17.20:757][517]LogModuleManager: Shutting down and abandoning module Android_ETC1TargetPlatform (95)
[2018.07.03-07.17.20:757][517]LogModuleManager: Shutting down and abandoning module Android_ETC1aTargetPlatform (93)
[2018.07.03-07.17.20:757][517]LogModuleManager: Shutting down and abandoning module Android_DXTTargetPlatform (91)
[2018.07.03-07.17.20:757][517]LogModuleManager: Shutting down and abandoning module Android_ATCTargetPlatform (89)
[2018.07.03-07.17.20:757][517]LogModuleManager: Shutting down and abandoning module Android_ASTCTargetPlatform (87)
[2018.07.03-07.17.20:757][517]LogModuleManager: Shutting down and abandoning module WindowsTargetPlatform (85)
[2018.07.03-07.17.20:757][517]LogModuleManager: Shutting down and abandoning module WindowsServerTargetPlatform (83)
[2018.07.03-07.17.20:757][517]LogModuleManager: Shutting down and abandoning module WindowsNoEditorTargetPlatform (81)
[2018.07.03-07.17.20:757][517]LogModuleManager: Shutting down and abandoning module WindowsClientTargetPlatform (79)
[2018.07.03-07.17.20:757][517]LogModuleManager: Shutting down and abandoning module MacTargetPlatform (77)
[2018.07.03-07.17.20:757][517]LogModuleManager: Shutting down and abandoning module MacServerTargetPlatform (75)
[2018.07.03-07.17.20:757][517]LogModuleManager: Shutting down and abandoning module MacNoEditorTargetPlatform (73)
[2018.07.03-07.17.20:757][517]LogModuleManager: Shutting down and abandoning module MacClientTargetPlatform (71)
[2018.07.03-07.17.20:757][517]LogModuleManager: Shutting down and abandoning module AllDesktopTargetPlatform (69)
[2018.07.03-07.17.20:757][517]LogModuleManager: Shutting down and abandoning module InputCore (66)
[2018.07.03-07.17.20:757][517]LogModuleManager: Shutting down and abandoning module Settings (64)
[2018.07.03-07.17.20:757][517]LogModuleManager: Shutting down and abandoning module PhysXCooking (62)
[2018.07.03-07.17.20:757][517]LogModuleManager: Shutting down and abandoning module SteamVR (60)
[2018.07.03-07.17.20:757][517]LogModuleManager: Shutting down and abandoning module OculusHMD (58)
[2018.07.03-07.17.20:774][517]LogModuleManager: Shutting down and abandoning module ExampleDeviceProfileSelector (56)
[2018.07.03-07.17.20:774][517]LogModuleManager: Shutting down and abandoning module AppleARKit (54)
[2018.07.03-07.17.20:774][517]LogModuleManager: Shutting down and abandoning module AugmentedReality (51)
[2018.07.03-07.17.20:774][517]LogModuleManager: Shutting down and abandoning module OnlineBlueprintSupport (48)
[2018.07.03-07.17.20:774][517]LogModuleManager: Shutting down and abandoning module OnlineSubsystem (44)
[2018.07.03-07.17.20:803][517]LogModuleManager: Shutting down and abandoning module XMPP (43)
[2018.07.03-07.17.20:818][517]LogModuleManager: Shutting down and abandoning module HTTP (41)
[2018.07.03-07.17.20:833][517]LogHttp: Display: Http module shutting down, but needs to wait on 1 outstanding Http requests:
[2018.07.03-07.17.20:833][517]LogHttp: Display: 	verb=[POST] url=[https://datarouter.ol.epicgames.com/datarouter/api/v1/public/data?SessionID=%7BE5000453-4F03-7951-5377-A785E986D1AB%7D&AppID=UEEditor.Rocket.Release&AppVersion=4.19.2-4033788%2B%2B%2BUE4%2BRelease-4.19&UserID=7abc08d04dfd458218ee459a92305926%7C4eb389b9d76349379abe9fab89b2c32b%7C0328bd5f-6261-425d-9c9e-9869d8e877d1&AppEnvironment=datacollector-binary&UploadType=eteventstream] status=Processing
[2018.07.03-07.17.20:856][517]LogModuleManager: Shutting down and abandoning module SSL (40)
[2018.07.03-07.17.20:869][517]LogModuleManager: Shutting down and abandoning module AnimationModifiers (36)
[2018.07.03-07.17.20:889][517]LogModuleManager: Shutting down and abandoning module PropertyEditor (35)
[2018.07.03-07.17.20:934][517]LogModuleManager: Shutting down and abandoning module AudioEditor (32)
[2018.07.03-07.17.20:949][517]LogModuleManager: Shutting down and abandoning module TextureCompressor (30)
[2018.07.03-07.17.20:963][517]LogModuleManager: Shutting down and abandoning module ShaderCore (28)
[2018.07.03-07.17.20:963][517]LogModuleManager: Shutting down and abandoning module Landscape (26)
[2018.07.03-07.17.20:963][517]LogModuleManager: Shutting down and abandoning module SlateRHIRenderer (24)
[2018.07.03-07.17.20:979][517]LogModuleManager: Shutting down and abandoning module OpenGLDrv (22)
[2018.07.03-07.17.20:989][517]LogModuleManager: Shutting down and abandoning module D3D11RHI (20)
[2018.07.03-07.17.20:989][517]LogModuleManager: Shutting down and abandoning module AnimGraphRuntime (18)
[2018.07.03-07.17.20:997][517]LogModuleManager: Shutting down and abandoning module Renderer (16)
[2018.07.03-07.17.20:997][517]LogModuleManager: Shutting down and abandoning module Engine (14)
[2018.07.03-07.17.20:997][517]LogModuleManager: Shutting down and abandoning module CoreUObject (12)
[2018.07.03-07.17.20:997][517]LogModuleManager: Shutting down and abandoning module NetworkFile (10)
[2018.07.03-07.17.21:007][517]LogModuleManager: Shutting down and abandoning module CookedIterativeFile (8)
[2018.07.03-07.17.21:008][517]LogModuleManager: Shutting down and abandoning module StreamingFile (6)
[2018.07.03-07.17.21:020][517]LogModuleManager: Shutting down and abandoning module SandboxFile (4)
[2018.07.03-07.17.21:034][517]LogModuleManager: Shutting down and abandoning module PakFile (2)
[2018.07.03-07.17.21:061][517]LogExit: Exiting.
[2018.07.03-07.17.21:083][517]Log file closed, 07/03/18 09:17:21
